1683143764.083626 client started (1102708): version 3.2a, socket /tmp/tmux-1000/default, protocol 8
1683143764.083640 on Linux 5.19.0-41-generic #42~22.04.1-Ubuntu SMP PREEMPT_DYNAMIC Tue Apr 18 17:40:00 UTC 2
1683143764.083643 using libevent 2.1.12-stable (poll); ncurses 6.3
1683143764.083652 flags are 0x10010000
1683143764.083655 socket is /tmp/tmux-1000/default
1683143764.083662 trying connect
1683143764.083689 add peer 0x55884351b320: 6 ((nil))
1683143764.083824 sending message 100 to peer 0x55884351b320 (4 bytes)
1683143764.083830 sending message 111 to peer 0x55884351b320 (8 bytes)
1683143764.083834 sending message 101 to peer 0x55884351b320 (14 bytes)
1683143764.083838 sending message 109 to peer 0x55884351b320 (4 bytes)
1683143764.083841 sending message 102 to peer 0x55884351b320 (11 bytes)
1683143764.083844 sending message 108 to peer 0x55884351b320 (25 bytes)
1683143764.083848 sending message 112 to peer 0x55884351b320 (70 bytes)
1683143764.083851 sending message 112 to peer 0x55884351b320 (5 bytes)
1683143764.083855 sending message 112 to peer 0x55884351b320 (5 bytes)
1683143764.083859 sending message 112 to peer 0x55884351b320 (6 bytes)
1683143764.083862 sending message 112 to peer 0x55884351b320 (6 bytes)
1683143764.083865 sending message 112 to peer 0x55884351b320 (11 bytes)
1683143764.083869 sending message 112 to peer 0x55884351b320 (10 bytes)
1683143764.083872 sending message 112 to peer 0x55884351b320 (13 bytes)
1683143764.083875 sending message 112 to peer 0x55884351b320 (13 bytes)
1683143764.083879 sending message 112 to peer 0x55884351b320 (18 bytes)
1683143764.083882 sending message 112 to peer 0x55884351b320 (11 bytes)
1683143764.083885 sending message 112 to peer 0x55884351b320 (10 bytes)
1683143764.083889 sending message 112 to peer 0x55884351b320 (15 bytes)
1683143764.083892 sending message 112 to peer 0x55884351b320 (21 bytes)
1683143764.083896 sending message 112 to peer 0x55884351b320 (13 bytes)
1683143764.083899 sending message 112 to peer 0x55884351b320 (7 bytes)
1683143764.083903 sending message 112 to peer 0x55884351b320 (13 bytes)
1683143764.083906 sending message 112 to peer 0x55884351b320 (7 bytes)
1683143764.083909 sending message 112 to peer 0x55884351b320 (13 bytes)
1683143764.083913 sending message 112 to peer 0x55884351b320 (9 bytes)
1683143764.083916 sending message 112 to peer 0x55884351b320 (21 bytes)
1683143764.083920 sending message 112 to peer 0x55884351b320 (13 bytes)
1683143764.083923 sending message 112 to peer 0x55884351b320 (8 bytes)
1683143764.083926 sending message 112 to peer 0x55884351b320 (12 bytes)
1683143764.083929 sending message 112 to peer 0x55884351b320 (13 bytes)
1683143764.083933 sending message 112 to peer 0x55884351b320 (9 bytes)
1683143764.083936 sending message 112 to peer 0x55884351b320 (9 bytes)
1683143764.083939 sending message 112 to peer 0x55884351b320 (12 bytes)
1683143764.083942 sending message 112 to peer 0x55884351b320 (8 bytes)
1683143764.083946 sending message 112 to peer 0x55884351b320 (8 bytes)
1683143764.083950 sending message 112 to peer 0x55884351b320 (7 bytes)
1683143764.083953 sending message 112 to peer 0x55884351b320 (7 bytes)
1683143764.083956 sending message 112 to peer 0x55884351b320 (9 bytes)
1683143764.083959 sending message 112 to peer 0x55884351b320 (13 bytes)
1683143764.083963 sending message 112 to peer 0x55884351b320 (6 bytes)
1683143764.083966 sending message 112 to peer 0x55884351b320 (9 bytes)
1683143764.083969 sending message 112 to peer 0x55884351b320 (15 bytes)
1683143764.083973 sending message 112 to peer 0x55884351b320 (13 bytes)
1683143764.083976 sending message 112 to peer 0x55884351b320 (12 bytes)
1683143764.083980 sending message 112 to peer 0x55884351b320 (8 bytes)
1683143764.083983 sending message 112 to peer 0x55884351b320 (14 bytes)
1683143764.083986 sending message 112 to peer 0x55884351b320 (11 bytes)
1683143764.083990 sending message 112 to peer 0x55884351b320 (9 bytes)
1683143764.083993 sending message 112 to peer 0x55884351b320 (10 bytes)
1683143764.083996 sending message 112 to peer 0x55884351b320 (10 bytes)
1683143764.084005 sending message 112 to peer 0x55884351b320 (10 bytes)
1683143764.084009 sending message 112 to peer 0x55884351b320 (10 bytes)
1683143764.084012 sending message 112 to peer 0x55884351b320 (11 bytes)
1683143764.084016 sending message 112 to peer 0x55884351b320 (12 bytes)
1683143764.084019 sending message 112 to peer 0x55884351b320 (12 bytes)
1683143764.084022 sending message 112 to peer 0x55884351b320 (12 bytes)
1683143764.084026 sending message 112 to peer 0x55884351b320 (12 bytes)
1683143764.084029 sending message 112 to peer 0x55884351b320 (12 bytes)
1683143764.084032 sending message 112 to peer 0x55884351b320 (11 bytes)
1683143764.084036 sending message 112 to peer 0x55884351b320 (11 bytes)
1683143764.084039 sending message 112 to peer 0x55884351b320 (12 bytes)
1683143764.084042 sending message 112 to peer 0x55884351b320 (12 bytes)
1683143764.084046 sending message 112 to peer 0x55884351b320 (12 bytes)
1683143764.084049 sending message 112 to peer 0x55884351b320 (12 bytes)
1683143764.084053 sending message 112 to peer 0x55884351b320 (12 bytes)
1683143764.084056 sending message 112 to peer 0x55884351b320 (10 bytes)
1683143764.084059 sending message 112 to peer 0x55884351b320 (12 bytes)
1683143764.084062 sending message 112 to peer 0x55884351b320 (13 bytes)
1683143764.084065 sending message 112 to peer 0x55884351b320 (13 bytes)
1683143764.084069 sending message 112 to peer 0x55884351b320 (13 bytes)
1683143764.084072 sending message 112 to peer 0x55884351b320 (13 bytes)
1683143764.084075 sending message 112 to peer 0x55884351b320 (13 bytes)
1683143764.084078 sending message 112 to peer 0x55884351b320 (8 bytes)
1683143764.084082 sending message 112 to peer 0x55884351b320 (11 bytes)
1683143764.084085 sending message 112 to peer 0x55884351b320 (11 bytes)
1683143764.084089 sending message 112 to peer 0x55884351b320 (11 bytes)
1683143764.084092 sending message 112 to peer 0x55884351b320 (12 bytes)
1683143764.084095 sending message 112 to peer 0x55884351b320 (12 bytes)
1683143764.084098 sending message 112 to peer 0x55884351b320 (12 bytes)
1683143764.084102 sending message 112 to peer 0x55884351b320 (12 bytes)
1683143764.084105 sending message 112 to peer 0x55884351b320 (13 bytes)
1683143764.084108 sending message 112 to peer 0x55884351b320 (13 bytes)
1683143764.084112 sending message 112 to peer 0x55884351b320 (13 bytes)
1683143764.084115 sending message 112 to peer 0x55884351b320 (8 bytes)
1683143764.084118 sending message 112 to peer 0x55884351b320 (13 bytes)
1683143764.084122 sending message 112 to peer 0x55884351b320 (13 bytes)
1683143764.084125 sending message 112 to peer 0x55884351b320 (13 bytes)
1683143764.084128 sending message 112 to peer 0x55884351b320 (13 bytes)
1683143764.084132 sending message 112 to peer 0x55884351b320 (13 bytes)
1683143764.084135 sending message 112 to peer 0x55884351b320 (12 bytes)
1683143764.084138 sending message 112 to peer 0x55884351b320 (12 bytes)
1683143764.084142 sending message 112 to peer 0x55884351b320 (12 bytes)
1683143764.084145 sending message 112 to peer 0x55884351b320 (12 bytes)
1683143764.084148 sending message 112 to peer 0x55884351b320 (13 bytes)
1683143764.084152 sending message 112 to peer 0x55884351b320 (8 bytes)
1683143764.084155 sending message 112 to peer 0x55884351b320 (13 bytes)
1683143764.084158 sending message 112 to peer 0x55884351b320 (13 bytes)
1683143764.084162 sending message 112 to peer 0x55884351b320 (13 bytes)
1683143764.084165 sending message 112 to peer 0x55884351b320 (13 bytes)
1683143764.084168 sending message 112 to peer 0x55884351b320 (13 bytes)
1683143764.084172 sending message 112 to peer 0x55884351b320 (13 bytes)
1683143764.084175 sending message 112 to peer 0x55884351b320 (13 bytes)
1683143764.084178 sending message 112 to peer 0x55884351b320 (12 bytes)
1683143764.084182 sending message 112 to peer 0x55884351b320 (12 bytes)
1683143764.084185 sending message 112 to peer 0x55884351b320 (12 bytes)
1683143764.084189 sending message 112 to peer 0x55884351b320 (8 bytes)
1683143764.084192 sending message 112 to peer 0x55884351b320 (12 bytes)
1683143764.084199 sending message 112 to peer 0x55884351b320 (13 bytes)
1683143764.084202 sending message 112 to peer 0x55884351b320 (13 bytes)
1683143764.084205 sending message 112 to peer 0x55884351b320 (13 bytes)
1683143764.084209 sending message 112 to peer 0x55884351b320 (13 bytes)
1683143764.084212 sending message 112 to peer 0x55884351b320 (13 bytes)
1683143764.084215 sending message 112 to peer 0x55884351b320 (13 bytes)
1683143764.084219 sending message 112 to peer 0x55884351b320 (13 bytes)
1683143764.084222 sending message 112 to peer 0x55884351b320 (13 bytes)
1683143764.084226 sending message 112 to peer 0x55884351b320 (12 bytes)
1683143764.084229 sending message 112 to peer 0x55884351b320 (10 bytes)
1683143764.084233 sending message 112 to peer 0x55884351b320 (12 bytes)
1683143764.084236 sending message 112 to peer 0x55884351b320 (12 bytes)
1683143764.084239 sending message 112 to peer 0x55884351b320 (12 bytes)
1683143764.084280 sending message 112 to peer 0x55884351b320 (13 bytes)
1683143764.084284 sending message 112 to peer 0x55884351b320 (13 bytes)
1683143764.084287 sending message 112 to peer 0x55884351b320 (13 bytes)
1683143764.084291 sending message 112 to peer 0x55884351b320 (13 bytes)
1683143764.084294 sending message 112 to peer 0x55884351b320 (13 bytes)
1683143764.084297 sending message 112 to peer 0x55884351b320 (13 bytes)
1683143764.084301 sending message 112 to peer 0x55884351b320 (13 bytes)
1683143764.084304 sending message 112 to peer 0x55884351b320 (10 bytes)
1683143764.084308 sending message 112 to peer 0x55884351b320 (13 bytes)
1683143764.084311 sending message 112 to peer 0x55884351b320 (12 bytes)
1683143764.084314 sending message 112 to peer 0x55884351b320 (12 bytes)
1683143764.084318 sending message 112 to peer 0x55884351b320 (12 bytes)
1683143764.084321 sending message 112 to peer 0x55884351b320 (10 bytes)
1683143764.084324 sending message 112 to peer 0x55884351b320 (10 bytes)
1683143764.084327 sending message 112 to peer 0x55884351b320 (10 bytes)
1683143764.084331 sending message 112 to peer 0x55884351b320 (12 bytes)
1683143764.084334 sending message 112 to peer 0x55884351b320 (13 bytes)
1683143764.084337 sending message 112 to peer 0x55884351b320 (13 bytes)
1683143764.084341 sending message 112 to peer 0x55884351b320 (13 bytes)
1683143764.084344 sending message 112 to peer 0x55884351b320 (13 bytes)
1683143764.084347 sending message 112 to peer 0x55884351b320 (13 bytes)
1683143764.084351 sending message 112 to peer 0x55884351b320 (11 bytes)
1683143764.084354 sending message 112 to peer 0x55884351b320 (11 bytes)
1683143764.084357 sending message 112 to peer 0x55884351b320 (12 bytes)
1683143764.084361 sending message 112 to peer 0x55884351b320 (12 bytes)
1683143764.084364 sending message 112 to peer 0x55884351b320 (12 bytes)
1683143764.084367 sending message 112 to peer 0x55884351b320 (12 bytes)
1683143764.084371 sending message 112 to peer 0x55884351b320 (12 bytes)
1683143764.084374 sending message 112 to peer 0x55884351b320 (11 bytes)
1683143764.084377 sending message 112 to peer 0x55884351b320 (12 bytes)
1683143764.084380 sending message 112 to peer 0x55884351b320 (12 bytes)
1683143764.084384 sending message 112 to peer 0x55884351b320 (13 bytes)
1683143764.084387 sending message 112 to peer 0x55884351b320 (13 bytes)
1683143764.084390 sending message 112 to peer 0x55884351b320 (13 bytes)
1683143764.084394 sending message 112 to peer 0x55884351b320 (13 bytes)
1683143764.084397 sending message 112 to peer 0x55884351b320 (13 bytes)
1683143764.084400 sending message 112 to peer 0x55884351b320 (10 bytes)
1683143764.084404 sending message 112 to peer 0x55884351b320 (9 bytes)
1683143764.084407 sending message 112 to peer 0x55884351b320 (12 bytes)
1683143764.084411 sending message 112 to peer 0x55884351b320 (13 bytes)
1683143764.084414 sending message 112 to peer 0x55884351b320 (13 bytes)
1683143764.084417 sending message 112 to peer 0x55884351b320 (13 bytes)
1683143764.084420 sending message 112 to peer 0x55884351b320 (13 bytes)
1683143764.084424 sending message 112 to peer 0x55884351b320 (13 bytes)
1683143764.084431 sending message 112 to peer 0x55884351b320 (9 bytes)
1683143764.084434 sending message 112 to peer 0x55884351b320 (12 bytes)
1683143764.084438 sending message 112 to peer 0x55884351b320 (13 bytes)
1683143764.084441 sending message 112 to peer 0x55884351b320 (13 bytes)
1683143764.084444 sending message 112 to peer 0x55884351b320 (13 bytes)
1683143764.084447 sending message 112 to peer 0x55884351b320 (13 bytes)
1683143764.084459 sending message 112 to peer 0x55884351b320 (13 bytes)
1683143764.084464 sending message 112 to peer 0x55884351b320 (11 bytes)
1683143764.084467 sending message 112 to peer 0x55884351b320 (12 bytes)
1683143764.084471 sending message 112 to peer 0x55884351b320 (13 bytes)
1683143764.084474 sending message 112 to peer 0x55884351b320 (13 bytes)
1683143764.084477 sending message 112 to peer 0x55884351b320 (13 bytes)
1683143764.084481 sending message 112 to peer 0x55884351b320 (13 bytes)
1683143764.084484 sending message 112 to peer 0x55884351b320 (13 bytes)
1683143764.084487 sending message 112 to peer 0x55884351b320 (11 bytes)
1683143764.084490 sending message 112 to peer 0x55884351b320 (12 bytes)
1683143764.084494 sending message 112 to peer 0x55884351b320 (12 bytes)
1683143764.084497 sending message 112 to peer 0x55884351b320 (12 bytes)
1683143764.084500 sending message 112 to peer 0x55884351b320 (12 bytes)
1683143764.084504 sending message 112 to peer 0x55884351b320 (12 bytes)
1683143764.084507 sending message 112 to peer 0x55884351b320 (21 bytes)
1683143764.084510 sending message 112 to peer 0x55884351b320 (12 bytes)
1683143764.084514 sending message 112 to peer 0x55884351b320 (9 bytes)
1683143764.084517 sending message 112 to peer 0x55884351b320 (6 bytes)
1683143764.084521 sending message 112 to peer 0x55884351b320 (8 bytes)
1683143764.084524 sending message 112 to peer 0x55884351b320 (15 bytes)
1683143764.084527 sending message 112 to peer 0x55884351b320 (13 bytes)
1683143764.084531 sending message 112 to peer 0x55884351b320 (9 bytes)
1683143764.084534 sending message 112 to peer 0x55884351b320 (70 bytes)
1683143764.084537 sending message 112 to peer 0x55884351b320 (69 bytes)
1683143764.084541 sending message 112 to peer 0x55884351b320 (10 bytes)
1683143764.084544 sending message 112 to peer 0x55884351b320 (10 bytes)
1683143764.084547 sending message 112 to peer 0x55884351b320 (8 bytes)
1683143764.084551 sending message 112 to peer 0x55884351b320 (15 bytes)
1683143764.084554 sending message 112 to peer 0x55884351b320 (13 bytes)
1683143764.084557 sending message 112 to peer 0x55884351b320 (10 bytes)
1683143764.084561 sending message 112 to peer 0x55884351b320 (10 bytes)
1683143764.084564 sending message 112 to peer 0x55884351b320 (17 bytes)
1683143764.084567 sending message 112 to peer 0x55884351b320 (10 bytes)
1683143764.084571 sending message 112 to peer 0x55884351b320 (13 bytes)
1683143764.084574 sending message 112 to peer 0x55884351b320 (9 bytes)
1683143764.084577 sending message 112 to peer 0x55884351b320 (5 bytes)
1683143764.084581 sending message 112 to peer 0x55884351b320 (15 bytes)
1683143764.084585 sending message 104 to peer 0x55884351b320 (0 bytes)
1683143764.084589 sending message 110 to peer 0x55884351b320 (0 bytes)
1683143764.084592 sending message 107 to peer 0x55884351b320 (4 bytes)
1683143764.084595 sending message 105 to peer 0x55884351b320 (40 bytes)
1683143764.084599 sending message 105 to peer 0x55884351b320 (57 bytes)
1683143764.084602 sending message 105 to peer 0x55884351b320 (30 bytes)
1683143764.084605 sending message 105 to peer 0x55884351b320 (20 bytes)
1683143764.084609 sending message 105 to peer 0x55884351b320 (54 bytes)
1683143764.084612 sending message 105 to peer 0x55884351b320 (53 bytes)
1683143764.084616 sending message 105 to peer 0x55884351b320 (70 bytes)
1683143764.084619 sending message 105 to peer 0x55884351b320 (25 bytes)
1683143764.084622 sending message 105 to peer 0x55884351b320 (11 bytes)
1683143764.084626 sending message 105 to peer 0x55884351b320 (72 bytes)
1683143764.084629 sending message 105 to peer 0x55884351b320 (28 bytes)
1683143764.084637 sending message 105 to peer 0x55884351b320 (12 bytes)
1683143764.084640 sending message 105 to peer 0x55884351b320 (20 bytes)
1683143764.084643 sending message 105 to peer 0x55884351b320 (24 bytes)
1683143764.084647 sending message 105 to peer 0x55884351b320 (32 bytes)
1683143764.084650 sending message 105 to peer 0x55884351b320 (42 bytes)
1683143764.084654 sending message 105 to peer 0x55884351b320 (27 bytes)
1683143764.084657 sending message 105 to peer 0x55884351b320 (50 bytes)
1683143764.084661 sending message 105 to peer 0x55884351b320 (36 bytes)
1683143764.084664 sending message 105 to peer 0x55884351b320 (60 bytes)
1683143764.084667 sending message 105 to peer 0x55884351b320 (46 bytes)
1683143764.084671 sending message 105 to peer 0x55884351b320 (36 bytes)
1683143764.084674 sending message 105 to peer 0x55884351b320 (31 bytes)
1683143764.084677 sending message 105 to peer 0x55884351b320 (48 bytes)
1683143764.084681 sending message 105 to peer 0x55884351b320 (43 bytes)
1683143764.084684 sending message 105 to peer 0x55884351b320 (27 bytes)
1683143764.084687 sending message 105 to peer 0x55884351b320 (38 bytes)
1683143764.084691 sending message 105 to peer 0x55884351b320 (31 bytes)
1683143764.084694 sending message 105 to peer 0x55884351b320 (27 bytes)
1683143764.084698 sending message 105 to peer 0x55884351b320 (1628 bytes)
1683143764.084703 sending message 105 to peer 0x55884351b320 (59 bytes)
1683143764.084707 sending message 105 to peer 0x55884351b320 (45 bytes)
1683143764.084710 sending message 105 to peer 0x55884351b320 (71 bytes)
1683143764.084713 sending message 105 to peer 0x55884351b320 (57 bytes)
1683143764.084716 sending message 105 to peer 0x55884351b320 (45 bytes)
1683143764.084720 sending message 105 to peer 0x55884351b320 (40 bytes)
1683143764.084723 sending message 105 to peer 0x55884351b320 (57 bytes)
1683143764.084726 sending message 105 to peer 0x55884351b320 (52 bytes)
1683143764.084730 sending message 105 to peer 0x55884351b320 (29 bytes)
1683143764.084734 sending message 105 to peer 0x55884351b320 (55 bytes)
1683143764.084739 sending message 105 to peer 0x55884351b320 (43 bytes)
1683143764.084743 sending message 105 to peer 0x55884351b320 (20 bytes)
1683143764.084746 sending message 105 to peer 0x55884351b320 (67 bytes)
1683143764.084749 sending message 105 to peer 0x55884351b320 (35 bytes)
1683143764.084753 sending message 105 to peer 0x55884351b320 (44 bytes)
1683143764.084756 sending message 105 to peer 0x55884351b320 (52 bytes)
1683143764.084760 sending message 105 to peer 0x55884351b320 (19 bytes)
1683143764.084763 sending message 105 to peer 0x55884351b320 (28 bytes)
1683143764.084766 sending message 105 to peer 0x55884351b320 (17 bytes)
1683143764.084770 sending message 105 to peer 0x55884351b320 (41 bytes)
1683143764.084773 sending message 105 to peer 0x55884351b320 (17 bytes)
1683143764.084777 sending message 105 to peer 0x55884351b320 (18 bytes)
1683143764.084780 sending message 105 to peer 0x55884351b320 (14 bytes)
1683143764.084783 sending message 105 to peer 0x55884351b320 (56 bytes)
1683143764.084787 sending message 105 to peer 0x55884351b320 (32 bytes)
1683143764.084790 sending message 105 to peer 0x55884351b320 (832 bytes)
1683143764.084794 sending message 105 to peer 0x55884351b320 (29 bytes)
1683143764.084797 sending message 105 to peer 0x55884351b320 (19 bytes)
1683143764.084801 sending message 105 to peer 0x55884351b320 (18 bytes)
1683143764.084804 sending message 105 to peer 0x55884351b320 (96 bytes)
1683143764.084808 sending message 105 to peer 0x55884351b320 (19 bytes)
1683143764.084811 sending message 105 to peer 0x55884351b320 (8 bytes)
1683143764.084814 sending message 105 to peer 0x55884351b320 (41 bytes)
1683143764.084818 sending message 105 to peer 0x55884351b320 (22 bytes)
1683143764.084821 sending message 105 to peer 0x55884351b320 (19 bytes)
1683143764.084824 sending message 105 to peer 0x55884351b320 (18 bytes)
1683143764.084828 sending message 105 to peer 0x55884351b320 (26 bytes)
1683143764.084831 sending message 105 to peer 0x55884351b320 (38 bytes)
1683143764.084838 sending message 105 to peer 0x55884351b320 (45 bytes)
1683143764.084841 sending message 105 to peer 0x55884351b320 (57 bytes)
1683143764.084844 sending message 105 to peer 0x55884351b320 (14 bytes)
1683143764.084847 sending message 105 to peer 0x55884351b320 (58 bytes)
1683143764.084851 sending message 105 to peer 0x55884351b320 (27 bytes)
1683143764.084854 sending message 105 to peer 0x55884351b320 (35 bytes)
1683143764.084858 sending message 105 to peer 0x55884351b320 (11 bytes)
1683143764.084861 sending message 105 to peer 0x55884351b320 (15 bytes)
1683143764.084864 sending message 105 to peer 0x55884351b320 (18 bytes)
1683143764.084868 sending message 105 to peer 0x55884351b320 (13 bytes)
1683143764.084871 sending message 105 to peer 0x55884351b320 (41 bytes)
1683143764.084874 sending message 105 to peer 0x55884351b320 (47 bytes)
1683143764.084878 sending message 105 to peer 0x55884351b320 (26 bytes)
1683143764.084881 sending message 105 to peer 0x55884351b320 (182 bytes)
1683143764.084884 sending message 105 to peer 0x55884351b320 (23 bytes)
1683143764.084887 sending message 105 to peer 0x55884351b320 (31 bytes)
1683143764.084891 sending message 105 to peer 0x55884351b320 (23 bytes)
1683143764.084894 sending message 105 to peer 0x55884351b320 (29 bytes)
1683143764.084897 sending message 105 to peer 0x55884351b320 (21 bytes)
1683143764.084901 sending message 105 to peer 0x55884351b320 (20 bytes)
1683143764.084904 sending message 105 to peer 0x55884351b320 (16 bytes)
1683143764.084907 sending message 105 to peer 0x55884351b320 (111 bytes)
1683143764.084911 sending message 105 to peer 0x55884351b320 (70 bytes)
1683143764.084914 sending message 105 to peer 0x55884351b320 (12 bytes)
1683143764.084917 sending message 105 to peer 0x55884351b320 (20 bytes)
1683143764.084921 sending message 105 to peer 0x55884351b320 (34 bytes)
1683143764.084924 sending message 105 to peer 0x55884351b320 (11 bytes)
1683143764.084928 sending message 105 to peer 0x55884351b320 (8 bytes)
1683143764.084931 sending message 105 to peer 0x55884351b320 (32 bytes)
1683143764.084934 sending message 105 to peer 0x55884351b320 (1531 bytes)
1683143764.084940 sending message 105 to peer 0x55884351b320 (56 bytes)
1683143764.084943 sending message 105 to peer 0x55884351b320 (30 bytes)
1683143764.084947 sending message 105 to peer 0x55884351b320 (81 bytes)
1683143764.084950 sending message 105 to peer 0x55884351b320 (10 bytes)
1683143764.084953 sending message 105 to peer 0x55884351b320 (24 bytes)
1683143764.084957 sending message 105 to peer 0x55884351b320 (31 bytes)
1683143764.084960 sending message 105 to peer 0x55884351b320 (25 bytes)
1683143764.084963 sending message 105 to peer 0x55884351b320 (16 bytes)
1683143764.084966 sending message 105 to peer 0x55884351b320 (16 bytes)
1683143764.084970 sending message 105 to peer 0x55884351b320 (195 bytes)
1683143764.084973 sending message 105 to peer 0x55884351b320 (47 bytes)
1683143764.084976 sending message 105 to peer 0x55884351b320 (35 bytes)
1683143764.084980 sending message 105 to peer 0x55884351b320 (62 bytes)
1683143764.084983 sending message 105 to peer 0x55884351b320 (40 bytes)
1683143764.084986 sending message 105 to peer 0x55884351b320 (47 bytes)
1683143764.084990 sending message 105 to peer 0x55884351b320 (55 bytes)
1683143764.084993 sending message 105 to peer 0x55884351b320 (51 bytes)
1683143764.084996 sending message 105 to peer 0x55884351b320 (40 bytes)
1683143764.085000 sending message 105 to peer 0x55884351b320 (67 bytes)
1683143764.085003 sending message 105 to peer 0x55884351b320 (38 bytes)
1683143764.085006 sending message 105 to peer 0x55884351b320 (81 bytes)
1683143764.085009 sending message 105 to peer 0x55884351b320 (55 bytes)
1683143764.085013 sending message 105 to peer 0x55884351b320 (42 bytes)
1683143764.085016 sending message 105 to peer 0x55884351b320 (37 bytes)
1683143764.085019 sending message 105 to peer 0x55884351b320 (36 bytes)
1683143764.085023 sending message 105 to peer 0x55884351b320 (22 bytes)
1683143764.085026 sending message 105 to peer 0x55884351b320 (43 bytes)
1683143764.085033 sending message 105 to peer 0x55884351b320 (7 bytes)
1683143764.085037 sending message 105 to peer 0x55884351b320 (11 bytes)
1683143764.085040 sending message 105 to peer 0x55884351b320 (51 bytes)
1683143764.085043 sending message 105 to peer 0x55884351b320 (14 bytes)
1683143764.085047 sending message 105 to peer 0x55884351b320 (126 bytes)
1683143764.085050 sending message 105 to peer 0x55884351b320 (38 bytes)
1683143764.085054 sending message 106 to peer 0x55884351b320 (0 bytes)
1683143764.085062 sending message 200 to peer 0x55884351b320 (4 bytes)
1683143764.085065 client loop enter
1683143764.085392 peer 0x55884351b320 message 303
1683143764.085398 open write file 2 -
1683143764.085404 sending message 305 to peer 0x55884351b320 (8 bytes)
1683143764.085410 write check file 2
1683143764.085457 peer 0x55884351b320 message 304
1683143764.085461 write 58 to file 2
1683143764.085465 peer 0x55884351b320 message 203
1683143764.085468 file 2 58 bytes left
1683143764.085476 write check file 2
1683143764.085479 client loop exit
